<?xml version="1.0" encoding="UTF-8"?>
<testng-results skipped="0" failed="0" total="1" passed="1">
  <reporter-output>
  </reporter-output>
  <suite name="Default suite" duration-ms="235553" started-at="2017-06-09T11:10:13Z" finished-at="2017-06-09T11:14:08Z">
    <groups>
    </groups>
    <test name="Default test" duration-ms="235553" started-at="2017-06-09T11:10:13Z" finished-at="2017-06-09T11:14:08Z">
      <class name="Final">
        <test-method status="PASS" signature="testing()[pri:0, instance:Final@69c7f04d]" name="testing" duration-ms="235534" started-at="2017-06-09T16:40:13Z" finished-at="2017-06-09T16:44:08Z">
          <reporter-output>
          </reporter-output>
        </test-method> <!-- testing -->
      </class> <!-- Final -->
    </test> <!-- Default test -->
  </suite> <!-- Default suite -->
</testng-results>
